[    0.000000] Initializing cgroup subsys cpuset
[    0.000000] Initializing cgroup subsys cpu
[    0.000000] Initializing cgroup subsys cpuacct
[    0.000000] Linux version 4.4.0-210-generic (buildd@lgw01-amd64-009) (gcc version 5.4.0 20160609 (Ubuntu 5.4.0-6ubuntu1~16.04.12) ) #242-Ubuntu SMP Fri Apr 16 09:57:56 UTC 2021 (Ubuntu 4.4.0-210.242-generic 4.4.262)
[    0.000000] Command line: BOOT_IMAGE=/boot/vmlinuz-4.4.0-210-generic root=LABEL=cloudimg-rootfs ro console=tty1 console=ttyS0
[    0.000000] KERNEL supported cpus:
[    0.000000]   Intel GenuineIntel
[    0.000000]   AMD AuthenticAMD
[    0.000000]   Centaur CentaurHauls
[    0.000000] x86/fpu: xstate_offset[2]:  576, xstate_sizes[2]:  256
[    0.000000] x86/fpu: Supporting XSAVE feature 0x01: 'x87 floating point registers'
[    0.000000] x86/fpu: Supporting XSAVE feature 0x02: 'SSE registers'
[    0.000000] x86/fpu: Supporting XSAVE feature 0x04: 'AVX registers'
[    0.000000] x86/fpu: Enabled xstate features 0x7, context size is 832 bytes, using 'standard' format.
[    0.000000] e820: BIOS-provided physical RAM map:
[    0.000000] BIOS-e820: [mem 0x0000000000000000-0x000000000009fbff] usable
[    0.000000] BIOS-e820: [mem 0x000000000009fc00-0x000000000009ffff] reserved
[    0.000000] BIOS-e820: [mem 0x00000000000f0000-0x00000000000fffff] reserved
[    0.000000] BIOS-e820: [mem 0x0000000000100000-0x000000003ffeffff] usable
[    0.000000] BIOS-e820: [mem 0x000000003fff0000-0x000000003fffffff] ACPI data
[    0.000000] BIOS-e820: [mem 0x00000000fec00000-0x00000000fec00fff] reserved
[    0.000000] BIOS-e820: [mem 0x00000000fee00000-0x00000000fee00fff] reserved
[    0.000000] BIOS-e820: [mem 0x00000000fffc0000-0x00000000ffffffff] reserved
[    0.000000] NX (Execute Disable) protection: active
[    0.000000] SMBIOS 2.5 present.
[    0.000000] Hypervisor detected: KVM
[    0.000000] e820: last_pfn = 0x3fff0 max_arch_pfn = 0x400000000
[    0.000000] MTRR: Disabled
[    0.000000] x86/PAT: MTRRs disabled, skipping PAT initialization too.
[    0.000000] CPU MTRRs all blank - virtualized system.
[    0.000000] x86/PAT: Configuration [0-7]: WB  WT  UC- UC  WB  WT  UC- UC  
[    0.000000] found SMP MP-table at [mem 0x0009fff0-0x0009ffff] mapped at [ffff88000009fff0]
[    0.000000] Scanning 1 areas for low memory corruption
[    0.000000] RAMDISK: [mem 0x362dc000-0x37165fff]
[    0.000000] ACPI: Early table checksum verification disabled
[    0.000000] ACPI: RSDP 0x00000000000E0000 000024 (v02 VBOX  )
[    0.000000] ACPI: XSDT 0x000000003FFF0030 00003C (v01 VBOX   VBOXXSDT 00000001 ASL  00000061)
[    0.000000] ACPI: FACP 0x000000003FFF00F0 0000F4 (v04 VBOX   VBOXFACP 00000001 ASL  00000061)
[    0.000000] ACPI: DSDT 0x000000003FFF0470 002325 (v02 VBOX   VBOXBIOS 00000002 INTL 20120111)
[    0.000000] ACPI: FACS 0x000000003FFF0200 000040
[    0.000000] ACPI: FACS 0x000000003FFF0200 000040
[    0.000000] ACPI: APIC 0x000000003FFF0240 00005C (v02 VBOX   VBOXAPIC 00000001 ASL  00000061)
[    0.000000] ACPI: SSDT 0x000000003FFF02A0 0001CC (v01 VBOX   VBOXCPUT 00000002 INTL 20120111)
[    0.000000] No NUMA configuration found
[    0.000000] Faking a node at [mem 0x0000000000000000-0x000000003ffeffff]
[    0.000000] NODE_DATA(0) allocated [mem 0x3ffeb000-0x3ffeffff]
[    0.000000] kvm-clock: Using msrs 4b564d01 and 4b564d00
[    0.000000] kvm-clock: cpu 0, msr 0:3ffe3001, primary cpu clock
[    0.000000] kvm-clock: using sched offset of 4510399127 cycles
[    0.000000] clocksource: kvm-clock: mask: 0xffffffffffffffff max_cycles: 0x1cd42e4dffb, max_idle_ns: 881590591483 ns
[    0.000000] Zone ranges:
[    0.000000]   DMA      [mem 0x0000000000001000-0x0000000000ffffff]
[    0.000000]   DMA32    [mem 0x0000000001000000-0x000000003ffeffff]
[    0.000000]   Normal   empty
[    0.000000]   Device   empty
[    0.000000] Movable zone start for each node
[    0.000000] Early memory node ranges
[    0.000000]   node   0: [mem 0x0000000000001000-0x000000000009efff]
[    0.000000]   node   0: [mem 0x0000000000100000-0x000000003ffeffff]
[    0.000000] Initmem setup node 0 [mem 0x0000000000001000-0x000000003ffeffff]
[    0.000000] ACPI: PM-Timer IO Port: 0x4008
[    0.000000] IOAPIC[0]: apic_id 2, version 32, address 0xfec00000, GSI 0-23
[    0.000000] ACPI: INT_SRC_OVR (bus 0 bus_irq 0 global_irq 2 dfl dfl)
[    0.000000] ACPI: INT_SRC_OVR (bus 0 bus_irq 9 global_irq 9 low level)
[    0.000000] Using ACPI (MADT) for SMP configuration information
[    0.000000] smpboot: Allowing 2 CPUs, 0 hotplug CPUs
[    0.000000] PM: Registered nosave memory: [mem 0x00000000-0x00000fff]
[    0.000000] PM: Registered nosave memory: [mem 0x0009f000-0x0009ffff]
[    0.000000] PM: Registered nosave memory: [mem 0x000a0000-0x000effff]
[    0.000000] PM: Registered nosave memory: [mem 0x000f0000-0x000fffff]
[    0.000000] e820: [mem 0x40000000-0xfebfffff] available for PCI devices
[    0.000000] Booting paravirtualized kernel on KVM
[    0.000000] clocksource: refined-jiffies: mask: 0xffffffff max_cycles: 0xffffffff, max_idle_ns: 7645519600211568 ns
[    0.000000] setup_percpu: NR_CPUS:512 nr_cpumask_bits:512 nr_cpu_ids:2 nr_node_ids:1
[    0.000000] PERCPU: Embedded 33 pages/cpu @ffff88003fc00000 s95192 r8192 d31784 u1048576
[    0.000000] Built 1 zonelists in Node order, mobility grouping on.  Total pages: 257912
[    0.000000] Policy zone: DMA32
[    0.000000] Kernel command line: BOOT_IMAGE=/boot/vmlinuz-4.4.0-210-generic root=LABEL=cloudimg-rootfs ro console=tty1 console=ttyS0
[    0.000000] PID hash table entries: 4096 (order: 3, 32768 bytes)
[    0.000000] Memory: 997792K/1048120K available (8644K kernel code, 1332K rwdata, 4044K rodata, 1492K init, 1164K bss, 50328K reserved, 0K cma-reserved)
[    0.000000] SLUB: HWalign=64, Order=0-3, MinObjects=0, CPUs=2, Nodes=1
[    0.000000] Kernel/User page tables isolation: enabled
[    0.000000] Hierarchical RCU implementation.
[    0.000000] 	Build-time adjustment of leaf fanout to 64.
[    0.000000] 	RCU restricting CPUs from NR_CPUS=512 to nr_cpu_ids=2.
[    0.000000] RCU: Adjusting geometry for rcu_fanout_leaf=64, nr_cpu_ids=2
[    0.000000] NR_IRQS:33024 nr_irqs:440 16
[    0.000000] Console: colour VGA+ 80x25
[    0.000000] console [tty1] enabled
[    0.000000] console [ttyS0] enabled
[    0.000000] tsc: Detected 1113.599 MHz processor
[    0.306854] Calibrating delay loop (skipped) preset value.. 2227.19 BogoMIPS (lpj=4454396)
[    0.310577] pid_max: default: 32768 minimum: 301
[    0.312432] ACPI: Core revision 20150930
[    0.315458] ACPI: 2 ACPI AML tables successfully acquired and loaded
[    0.318239] Security Framework initialized
[    0.320051] Yama: becoming mindful.
[    0.321757] AppArmor: AppArmor initialized
[    0.324798] Dentry cache hash table entries: 131072 (order: 8, 1048576 bytes)
[    0.330346] Inode-cache hash table entries: 65536 (order: 7, 524288 bytes)
[    0.332953] Mount-cache hash table entries: 2048 (order: 2, 16384 bytes)
[    0.335430] Mountpoint-cache hash table entries: 2048 (order: 2, 16384 bytes)
[    0.338539] Initializing cgroup subsys io
[    0.340131] Initializing cgroup subsys memory
[    0.341932] Initializing cgroup subsys devices
[    0.344021] Initializing cgroup subsys freezer
[    0.345825] Initializing cgroup subsys net_cls
[    0.347459] Initializing cgroup subsys perf_event
[    0.349132] Initializing cgroup subsys net_prio
[    0.351187] Initializing cgroup subsys hugetlb
[    0.353072] Initializing cgroup subsys pids
[    0.359152] mce: CPU supports 0 MCE banks
[    0.360991] Last level iTLB entries: 4KB 0, 2MB 0, 4MB 0
[    0.363112] Last level dTLB entries: 4KB 0, 2MB 0, 4MB 0, 1GB 0
[    0.365110] Spectre V1 : Mitigation: usercopy/swapgs barriers and __user pointer sanitization
[    0.367858] Spectre V2 : Mitigation: Full generic retpoline
[    0.369709] Spectre V2 : Spectre v2 / SpectreRSB mitigation: Filling RSB on context switch
[    0.372464] Speculative Store Bypass: Vulnerable
[    0.374526] MDS: Mitigation: Clear CPU buffers
[    0.380075] Freeing SMP alternatives memory: 36K
[    0.391204] ftrace: allocating 32380 entries in 127 pages
[    0.495095] smpboot: APIC(0) Converting physical 0 to logical package 0
[    0.499291] smpboot: Max logical packages: 1
[    0.504287] x2apic enabled
[    0.506201] Switched APIC routing to physical x2apic.
[    0.510138] ..TIMER: vector=0x30 apic1=0 pin1=2 apic2=-1 pin2=-1
[    0.622427] smpboot: CPU0: Intel(R) Core(TM) i5-1030NG7 CPU @ 1.10GHz (family: 0x6, model: 0x7e, stepping: 0x5)
[    0.626105] Performance Events: unsupported p6 CPU model 126 no PMU driver, software events only.
[    0.643393] KVM setup paravirtual spinlock
[    0.647086] x86: Booting SMP configuration:
[    0.648872] .... node  #0, CPUs:      #1
[    0.650723] kvm-clock: cpu 1, msr 0:3ffe3041, secondary cpu clock
[    0.657403] mce: CPU supports 0 MCE banks
[    0.660658] x86: Booted up 1 node, 2 CPUs
[    0.662455] smpboot: Total of 2 processors activated (4454.39 BogoMIPS)
[    0.665116] devtmpfs: initialized
[    0.667804] evm: security.selinux
[    0.669047] evm: security.SMACK64
[    0.670656] evm: security.SMACK64EXEC
[    0.672359] evm: security.SMACK64TRANSMUTE
[    0.673952] evm: security.SMACK64MMAP
[    0.675614] evm: security.ima
[    0.676799] evm: security.capability
[    0.678536] clocksource: jiffies: mask: 0xffffffff max_cycles: 0xffffffff, max_idle_ns: 7645041785100000 ns
[    0.682716] futex hash table entries: 512 (order: 3, 32768 bytes)
[    0.685305] pinctrl core: initialized pinctrl subsystem
[    0.687546] RTC time:  8:11:03, date: 04/21/22
[    0.689524] NET: Registered protocol family 16
[    0.702972] cpuidle: using governor ladder
[    0.715448] cpuidle: using governor menu
[    0.717332] PCCT header not found.
[    0.718982] ACPI: bus type PCI registered
[    0.720351] acpiphp: ACPI Hot Plug PCI Controller Driver version: 0.5
[    0.722534] PCI: Using configuration type 1 for base access
[    0.735904] ACPI: Added _OSI(Module Device)
[    0.737250] ACPI: Added _OSI(Processor Device)
[    0.738570] ACPI: Added _OSI(3.0 _SCP Extensions)
[    0.740000] ACPI: Added _OSI(Processor Aggregator Device)
[    0.742818] ACPI: Executed 1 blocks of module-level executable AML code
[    0.747976] ACPI: Interpreter enabled
[    0.749235] ACPI: (supports S0 S5)
[    0.751064] ACPI: Using IOAPIC for interrupt routing
[    0.754817] PCI: Using host bridge windows from ACPI; if necessary, use "pci=nocrs" and report a bug
[    0.764494] ACPI: PCI Root Bridge [PCI0] (domain 0000 [bus 00-ff])
[    0.766754] acpi PNP0A03:00: _OSC: OS supports [ASPM ClockPM Segments MSI]
[    0.769807] acpi PNP0A03:00: _OSC: not requesting OS control; OS requires [ExtendedConfig ASPM ClockPM MSI]
[    0.773085] acpi PNP0A03:00: fail to add MMCONFIG information, can't access extended PCI configuration space under this bridge.
[    0.777651] PCI host bridge to bus 0000:00
[    0.780037] pci_bus 0000:00: root bus resource [io  0x0000-0x0cf7 window]
[    0.782711] pci_bus 0000:00: root bus resource [io  0x0d00-0xffff window]
[    0.785977] pci_bus 0000:00: root bus resource [mem 0x000a0000-0x000bffff window]
[    0.789439] pci_bus 0000:00: root bus resource [mem 0x40000000-0xfdffffff window]
[    0.792292] pci_bus 0000:00: root bus resource [bus 00-ff]
[    0.798184] pci 0000:00:01.1: legacy IDE quirk: reg 0x10: [io  0x01f0-0x01f7]
[    0.800828] pci 0000:00:01.1: legacy IDE quirk: reg 0x14: [io  0x03f6]
[    0.803705] pci 0000:00:01.1: legacy IDE quirk: reg 0x18: [io  0x0170-0x0177]
[    0.806714] pci 0000:00:01.1: legacy IDE quirk: reg 0x1c: [io  0x0376]
[    0.850207] pci 0000:00:07.0: quirk: [io  0x4000-0x403f] claimed by PIIX4 ACPI
[    0.854322] pci 0000:00:07.0: quirk: [io  0x4100-0x410f] claimed by PIIX4 SMB
[    0.872920] ACPI: PCI Interrupt Link [LNKA] (IRQs 5 9 10 *11)
[    0.876447] ACPI: PCI Interrupt Link [LNKB] (IRQs 5 9 *10 11)
[    0.879620] ACPI: PCI Interrupt Link [LNKC] (IRQs 5 *9 10 11)
[    0.882364] ACPI: PCI Interrupt Link [LNKD] (IRQs 5 9 10 *11)
[    0.885461] ACPI: Enabled 2 GPEs in block 00 to 07
[    0.888127] vgaarb: setting as boot device: PCI:0000:00:02.0
[    0.890417] vgaarb: device added: PCI:0000:00:02.0,decodes=io+mem,owns=io+mem,locks=none
[    0.893418] vgaarb: loaded
[    0.894763] vgaarb: bridge control possible 0000:00:02.0
[    0.897633] SCSI subsystem initialized
[    0.899517] ACPI: bus type USB registered
[    0.901136] usbcore: registered new interface driver usbfs
[    0.903251] usbcore: registered new interface driver hub
[    0.905323] usbcore: registered new device driver usb
[    0.909227] PCI: Using ACPI for IRQ routing
[    0.911356] NetLabel: Initializing
[    0.912616] NetLabel:  domain hash size = 128
[    0.914183] NetLabel:  protocols = UNLABELED CIPSOv4
[    0.916065] NetLabel:  unlabeled traffic allowed by default
[    0.918421] amd_nb: Cannot enumerate AMD northbridges
[    0.920497] clocksource: Switched to clocksource kvm-clock
[    0.934065] AppArmor: AppArmor Filesystem Enabled
[    0.935994] pnp: PnP ACPI init
[    0.939233] pnp: PnP ACPI: found 3 devices
[    0.950308] clocksource: acpi_pm: mask: 0xffffff max_cycles: 0xffffff, max_idle_ns: 2085701024 ns
[    0.953563] NET: Registered protocol family 2
[    0.955251] TCP established hash table entries: 8192 (order: 4, 65536 bytes)
[    0.957607] TCP bind hash table entries: 8192 (order: 5, 131072 bytes)
[    0.959838] TCP: Hash tables configured (established 8192 bind 8192)
[    0.962014] UDP hash table entries: 512 (order: 2, 16384 bytes)
[    0.963956] UDP-Lite hash table entries: 512 (order: 2, 16384 bytes)
[    0.966290] NET: Registered protocol family 1
[    0.968048] pci 0000:00:00.0: Limiting direct PCI/PCI transfers
[    0.970119] pci 0000:00:01.0: Activating ISA DMA hang workarounds
[    0.972445] Unpacking initramfs...
[    1.338640] Freeing initrd memory: 14888K
[    1.340684] clocksource: tsc: mask: 0xffffffffffffffff max_cycles: 0x100d47dceae, max_idle_ns: 440795244181 ns
[    1.346776] platform rtc_cmos: registered platform RTC device (no PNP device found)
[    1.351008] Scanning for low memory corruption every 60 seconds
[    1.355394] audit: initializing netlink subsys (disabled)
[    1.358474] audit: type=2000 audit(1650528669.554:1): initialized
[    1.362694] Initialise system trusted keyring
[    1.366136] HugeTLB registered 2 MB page size, pre-allocated 0 pages
[    1.371764] zbud: loaded
[    1.374426] VFS: Disk quotas dquot_6.6.0
[    1.376669] VFS: Dquot-cache hash table entries: 512 (order 0, 4096 bytes)
[    1.380505] squashfs: version 4.0 (2009/01/31) Phillip Lougher
[    1.383472] fuse init (API version 7.23)
[    1.385851] Key type big_key registered
[    1.387510] Allocating IMA MOK and blacklist keyrings.
[    1.391979] Key type asymmetric registered
[    1.394083] Asymmetric key parser 'x509' registered
[    1.396576] Block layer SCSI generic (bsg) driver version 0.4 loaded (major 249)
[    1.401270] io scheduler noop registered
[    1.402976] io scheduler deadline registered (default)
[    1.405443] io scheduler cfq registered
[    1.407418] pci_hotplug: PCI Hot Plug PCI Core version: 0.5
[    1.410000] pciehp: PCI Express Hot Plug Controller Driver version: 0.4
[    1.413176] ACPI: AC Adapter [AC] (on-line)
[    1.414997] input: Power Button as /devices/LNXSYSTM:00/LNXPWRBN:00/input/input0
[    1.418517] ACPI: Power Button [PWRF]
[    1.421007] input: Sleep Button as /devices/LNXSYSTM:00/LNXSLPBN:00/input/input1
[    1.424428] ACPI: Sleep Button [SLPF]
[    1.427337] GHES: HEST is not enabled!
[    1.429137] Serial: 8250/16550 driver, 32 ports, IRQ sharing enabled
[    1.431096] ACPI: Battery Slot [BAT0] (battery present)
[    1.455228] 00:02: ttyS0 at I/O 0x3f8 (irq = 4, base_baud = 115200) is a 16550A
[    1.459692] Linux agpgart interface v0.103
[    1.463344] loop: module loaded
[    1.465363] scsi host0: ata_piix
[    1.466740] scsi host1: ata_piix
[    1.468107] ata1: PATA max UDMA/33 cmd 0x1f0 ctl 0x3f6 bmdma 0xd000 irq 14
[    1.470934] ata2: PATA max UDMA/33 cmd 0x170 ctl 0x376 bmdma 0xd008 irq 15
[    1.473479] libphy: Fixed MDIO Bus: probed
[    1.474865] tun: Universal TUN/TAP device driver, 1.6
[    1.476425] tun: (C) 1999-2004 Max Krasnyansky <maxk@qualcomm.com>
[    1.478770] PPP generic driver version 2.4.2
[    1.480234] ehci_hcd: USB 2.0 'Enhanced' Host Controller (EHCI) Driver
[    1.482309] ehci-pci: EHCI PCI platform driver
[    1.483844] ehci-platform: EHCI generic platform driver
[    1.486242] ohci_hcd: USB 1.1 'Open' Host Controller (OHCI) Driver
[    1.488187] ohci-pci: OHCI PCI platform driver
[    1.489744] ohci-platform: OHCI generic platform driver
[    1.491488] uhci_hcd: USB Universal Host Controller Interface driver
[    1.493716] i8042: PNP: PS/2 Controller [PNP0303:PS2K,PNP0f03:PS2M] at 0x60,0x64 irq 1,12
[    1.497240] serio: i8042 KBD port at 0x60,0x64 irq 1
[    1.498928] serio: i8042 AUX port at 0x60,0x64 irq 12
[    1.500797] mousedev: PS/2 mouse device common for all mice
[    1.503570] rtc_cmos rtc_cmos: rtc core: registered rtc_cmos as rtc0
[    1.506369] input: AT Translated Set 2 keyboard as /devices/platform/i8042/serio0/input/input2
[    1.509942] rtc_cmos rtc_cmos: alarms up to one day, 114 bytes nvram
[    1.512015] i2c /dev entries driver
[    1.513604] device-mapper: uevent: version 1.0.3
[    1.515453] device-mapper: ioctl: 4.34.0-ioctl (2015-10-28) initialised: dm-devel@redhat.com
[    1.518728] ledtrig-cpu: registered to indicate activity on CPUs
[    1.521707] NET: Registered protocol family 10
[    1.523952] NET: Registered protocol family 17
[    1.525692] Key type dns_resolver registered
[    1.528147] registered taskstats version 1
[    1.529880] Loading compiled-in X.509 certificates
[    1.532632] Loaded X.509 cert 'Build time autogenerated kernel key: cf00e047681d67edb2720680708b7d9498083038'
[    1.536821] zswap: loaded using pool lzo/zbud
[    1.541752] Key type trusted registered
[    1.548784] Key type encrypted registered
[    1.550565] AppArmor: AppArmor sha1 policy hashing enabled
[    1.556178] ima: No TPM chip found, activating TPM-bypass!
[    1.559649] ima: Allocated hash algorithm: sha1
[    1.561683] evm: HMAC attrs: 0x1
[    1.563752]   Magic number: 2:30:170
[    1.565539] rtc_cmos rtc_cmos: setting system clock to 2022-04-21 08:11:04 UTC (1650528664)
[    1.569410] BIOS EDD facility v0.16 2004-Jun-25, 0 devices found
[    1.571636] EDD information not available.
[    1.655884] Freeing unused kernel memory: 1492K
[    1.657505] Write protecting the kernel read-only data: 14336k
[    1.659836] Freeing unused kernel memory: 1584K
[    1.661123] Freeing unused kernel memory: 52K
Loading, please wait...
starting version 229
[    1.674939] random: systemd-udevd: uninitialized urandom read (16 bytes read, 3 bits of entropy available)
[    1.675608] random: udevadm: uninitialized urandom read (16 bytes read, 3 bits of entropy available)
[    1.675628] random: udevadm: uninitialized urandom read (16 bytes read, 3 bits of entropy available)
[    1.683364] random: systemd-udevd: uninitialized urandom read (16 bytes read, 3 bits of entropy available)
[    1.686023] random: udevadm: uninitialized urandom read (16 bytes read, 3 bits of entropy available)
[    1.686079] random: udevadm: uninitialized urandom read (16 bytes read, 3 bits of entropy available)
[    1.686233] random: udevadm: uninitialized urandom read (16 bytes read, 3 bits of entropy available)
[    1.686289] random: udevadm: uninitialized urandom read (16 bytes read, 3 bits of entropy available)
[    1.686345] random: udevadm: uninitialized urandom read (16 bytes read, 3 bits of entropy available)
[    1.686432] random: udevadm: uninitialized urandom read (16 bytes read, 3 bits of entropy available)
[    1.760493] e1000: Intel(R) PRO/1000 Network Driver - version 7.3.21-k8-NAPI
[    1.763544] e1000: Copyright (c) 1999-2006 Intel Corporation.
[    1.766727] Fusion MPT base driver 3.04.20
[    1.768948] Copyright (c) 1999-2008 LSI Corporation
[    1.783191] Fusion MPT SPI Host driver 3.04.20
[    1.813354] AVX2 version of gcm_enc/dec engaged.
[    1.816080] AES CTR mode by8 optimization enabled
[    1.983670] input: ImExPS/2 Generic Explorer Mouse as /devices/platform/i8042/serio1/input/input4
[    2.232449] e1000 0000:00:03.0 eth0: (PCI:33MHz:32-bit) 02:be:82:6b:cc:1d
[    2.234709] e1000 0000:00:03.0 eth0: Intel(R) PRO/1000 Network Connection
[    2.237329] mptbase: ioc0: Initiating bringup
[    2.301332] ioc0: LSI53C1030 A0: Capabilities={Initiator}
[    2.463609] scsi host2: ioc0: LSI53C1030 A0, FwRev=00000000h, Ports=1, MaxQ=256, IRQ=20
[    2.578003] scsi 2:0:0:0: Direct-Access     VBOX     HARDDISK         1.0  PQ: 0 ANSI: 5
[    2.581489] scsi target2:0:0: Beginning Domain Validation
[    2.585449] scsi target2:0:0: Domain Validation skipping write tests
[    2.587305] scsi target2:0:0: Ending Domain Validation
[    2.589443] scsi target2:0:0: asynchronous
[    2.591014] scsi 2:0:1:0: Direct-Access     VBOX     HARDDISK         1.0  PQ: 0 ANSI: 5
[    2.593002] scsi target2:0:1: Beginning Domain Validation
[    2.594762] scsi target2:0:1: Domain Validation skipping write tests
[    2.596137] scsi target2:0:1: Ending Domain Validation
[    2.597423] scsi target2:0:1: asynchronous
[    2.602830] sd 2:0:0:0: Attached scsi generic sg0 type 0
[    2.615843] sd 2:0:0:0: [sda] 83886080 512-byte logical blocks: (42.9 GB/40.0 GiB)
[    2.618986] sd 2:0:0:0: [sda] Write Protect is off
[    2.620854] sd 2:0:0:0: [sda] Incomplete mode parameter data
[    2.626656] sd 2:0:0:0: [sda] Assuming drive cache: write through
[    2.630120] sd 2:0:1:0: [sdb] 20480 512-byte logical blocks: (10.5 MB/10.0 MiB)
[    2.633866] sd 2:0:1:0: [sdb] Write Protect is off
[    2.637043] sd 2:0:1:0: Attached scsi generic sg1 type 0
[    2.640416] sd 2:0:1:0: [sdb] Incomplete mode parameter data
[    2.656587] sd 2:0:1:0: [sdb] Assuming drive cache: write through
[    2.662189]  sda: sda1
[    2.666351] sd 2:0:0:0: [sda] Attached SCSI disk
[    2.671041] sd 2:0:1:0: [sdb] Attached SCSI disk
[    3.210989] e1000 0000:00:08.0 eth1: (PCI:33MHz:32-bit) 08:00:27:82:d8:36
[    3.213512] e1000 0000:00:08.0 eth1: Intel(R) PRO/1000 Network Connection
[    3.217642] e1000 0000:00:08.0 enp0s8: renamed from eth1
[    3.233536] e1000 0000:00:03.0 enp0s3: renamed from eth0
Begin: Loading essential drivers ... [    4.696067] md: linear personality registered for level -1
[    4.702684] md: multipath personality registered for level -4
[    4.709251] md: raid0 personality registered for level 0
[    4.717601] md: raid1 personality registered for level 1
[    4.792610] raid6: sse2x1   gen()  6765 MB/s
[    4.860600] raid6: sse2x1   xor()  4473 MB/s
[    4.928616] raid6: sse2x2   gen() 10036 MB/s
[    4.996589] raid6: sse2x2   xor()  7242 MB/s
[    5.064640] raid6: sse2x4   gen() 10578 MB/s
[    5.132601] raid6: sse2x4   xor()  6234 MB/s
[    5.200634] raid6: avx2x1   gen() 13049 MB/s
[    5.268611] raid6: avx2x2   gen() 15615 MB/s
[    5.336746] raid6: avx2x4   gen() 15167 MB/s
[    5.339030] raid6: using algorithm avx2x2 gen() 15615 MB/s
[    5.342057] raid6: using avx2x2 recovery algorithm
[    5.347665] xor: automatically using best checksumming function:
[    5.388633]    avx       : 15050.000 MB/sec
[    5.392118] async_tx: api initialized (async)
[    5.407477] md: raid6 personality registered for level 6
[    5.409942] md: raid5 personality registered for level 5
[    5.411831] md: raid4 personality registered for level 4
[    5.422844] md: raid10 personality registered for level 10
done.
Begin: Running /scripts/init-premount ... done.
Begin: Mounting root file system ... Begin: Running /scripts/local-top ... done.
Begin: Running /scripts/local-premount ... [    5.466079] Btrfs loaded
Scanning for Btrfs filesystems
done.
Warning: fsck not present, so skipping root file system
[    5.503344] EXT4-fs (sda1): mounted filesystem with ordered data mode. Opts: (null)
done.
Begin: Running /scripts/local-bottom ... done.
Begin: Running /scripts/init-bottom ... done.
[    5.663887] systemd[1]: systemd 229 running in system mode. (+PAM +AUDIT +SELINUX +IMA +APPARMOR +SMACK +SYSVINIT +UTMP +LIBCRYPTSETUP +GCRYPT +GNUTLS +ACL +XZ -LZ4 +SECCOMP +BLKID +ELFUTILS +KMOD -IDN)
[    5.669721] systemd[1]: Detected virtualization oracle.
[    5.671427] systemd[1]: Detected architecture x86-64.

Welcome to [1mUbuntu 16.04.7 LTS[0m!

[    5.679373] systemd[1]: Set hostname to <ubuntu-xenial>.
[    6.674048] systemd[1]: Listening on LVM2 metadata daemon socket.
[[0;32m  OK  [0m] Listening on LVM2 metadata daemon socket.
[    7.461148] systemd[1]: Listening on Device-mapper event daemon FIFOs.
[[0;32m  OK  [0m] Listening on Device-mapper event daemon FIFOs.
[    7.472860] systemd[1]: Reached target User and Group Name Lookups.
[[0;32m  OK  [0m] Reached target User and Group Name Lookups.
[    7.476825] systemd[1]: Created slice User and Session Slice.
[[0;32m  OK  [0m] Created slice User and Session Slice.
[    8.184793] systemd[1]: Reached target System Time Synchronized.
[[0;32m  OK  [0m] Reached target System Time Synchronized.
[    8.188445] systemd[1]: Listening on fsck to fsckd communication Socket.
[[0;32m  OK  [0m] Listening on fsck to fsckd communication Socket.
[    8.191463] systemd[1]: Reached target Swap.
[[0;32m  OK  [0m] Reached target Swap.
[    8.193659] systemd[1]: Listening on /dev/initctl Compatibility Named Pipe.
[[0;32m  OK  [0m] Listening on /dev/initctl Compatibility Named Pipe.
[    8.197069] systemd[1]: Listening on udev Kernel Socket.
[[0;32m  OK  [0m] Listening on udev Kernel Socket.
[    8.199358] systemd[1]: Reached target Encrypted Volumes.
[[0;32m  OK  [0m] Reached target Encrypted Volumes.
[    8.201629] systemd[1]: Started Trigger resolvconf update for networkd DNS.
[[0;32m  OK  [0m] Started Trigger resolvconf update for networkd DNS.
[    8.205030] systemd[1]: Listening on udev Control Socket.
[[0;32m  OK  [0m] Listening on udev Control Socket.
[    8.207534] systemd[1]: Listening on Syslog Socket.
[[0;32m  OK  [0m] Listening on Syslog Socket.
[    8.209899] systemd[1]: Listening on Journal Audit Socket.
[[0;32m  OK  [0m] Listening on Journal Audit Socket.
[    8.212966] systemd[1]: Listening on Journal Socket (/dev/log).
[[0;32m  OK  [0m] Listening on Journal Socket (/dev/log).
[    8.346231] systemd[1]: Listening on LVM2 poll daemon socket.
[[0;32m  OK  [0m] Listening on LVM2 poll daemon socket.
[    8.351457] systemd[1]: Created slice System Slice.
[[0;32m  OK  [0m] Created slice System Slice.
[    8.355090] systemd[1]: Reached target Slices.
[[0;32m  OK  [0m] Reached target Slices.
[    8.359587] systemd[1]: Created slice system-serial\x2dgetty.slice.
[[0;32m  OK  [0m] Created slice system-serial\x2dgetty.slice.
[    8.364346] systemd[1]: Started Forward Password Requests to Wall Directory Watch.
[[0;32m  OK  [0m] Started Forward Password Requests to Wall Directory Watch.
[    8.370545] systemd[1]: Listening on Journal Socket.
[[0;32m  OK  [0m] Listening on Journal Socket.
[    8.385104] systemd[1]: Starting Nameserver information manager...
         Starting Nameserver information manager...
[    8.389769] systemd[1]: Starting Set console keymap...
         Starting Set console keymap...
[    8.393134] systemd[1]: Starting Monitoring of LVM2 mirrors, snapshots etc. using dmeventd or progress polling...
         Starting Monitoring of LVM2 mirrors... dmeventd or progress polling...
[    8.399168] systemd[1]: Mounting Debug File System...
         Mounting Debug File System...
[    8.402984] systemd[1]: Starting Create list of required static device nodes for the current kernel...
         Starting Create list of required st... nodes for the current kernel...
[    8.408449] systemd[1]: Mounting POSIX Message Queue File System...
         Mounting POSIX Message Queue File System...
[    8.412753] systemd[1]: Starting Journal Service...
         Starting Journal Service...
[    8.421666] systemd[1]: Starting Uncomplicated firewall...
         Starting Uncomplicated firewall...
[    8.425737] systemd[1]: Starting File System Check on Root Device...
         Starting File System Check on Root Device...
[    8.437099] systemd[1]: Set up automount Arbitrary Executable File Formats File System Automount Point.
[[0;32m  OK  [0m] Set up automount Arbitrary Executab...ats File System Automount Point.
[    8.468743] systemd[1]: Mounting Huge Pages File System...
         Mounting Huge Pages File System...
[    8.485166] systemd[1]: Starting Load Kernel Modules...
         Starting Load Kernel Modules...
[    8.498793] systemd[1]: Mounted Huge Pages File System.
[[0;32m  OK  [0m] Mounted Huge Pages File System.
[    8.503768] systemd[1]: Mounted POSIX Message Queue File System.
    8.507279] Loading iSCSI transport class v2.0-870.
[[0;32m  OK  [0m] Mounted POSIX Message Queue File System.
[    8.512026] systemd[1]: Mounted Debug File System.
[[0;32m  OK  [0m] Mounted Debug File System.
[    8.516279] systemd[1]: Started Journal Service.
[[0;32m  OK  [0m] Started Journal Service.
[[0;32m  OK  [0m] Started Set console keymap.
[    8.527363] iscsi: registered transport (tcp)
[[0;32m  OK  [0m] Started Create list of required sta...ce nodes for the current kernel.
[[0;32m  OK  [0m] Started Uncomplicated firewall.
[[0;32m  OK  [0m] Started File System Check on Root Device.
[[0;32m  OK  [0m] Started Nameserver information manager.
[[0;32m  OK  [0m] Started LVM2 metadata daemon.
[[0;32m  OK  [0m] Started File System Check Daemon to report status.
[    8.576230] iscsi: registered transport (iser)
         Starting Remount[    8.580564] random: nonblocking pool is initialized
 Root and Kernel File Systems...
[    8.589010] EXT4-fs (sda1): re-mounted. Opts: (null)
         Starting Create Static Device Nodes in /dev...
[[0;32m  OK  [0m] Started Load Kernel Modules.
[[0;32m  OK  [0m] Started Remount Root and Kernel File Systems.
         Starting Load/Save Random Seed...
         Starting udev Coldplug all Devices...
         Starting Flush Journal to Persistent Storage...
         Starting Apply Kernel Variables...
         Mounting FUSE Control File System...
[[0;32m  OK  [0m] Mounted FUSE Control File System.
[[0;32m  OK  [0m] Started Load/Save Random Seed.
[[0;32m  OK  [0m] Started Create Static Device Nodes in /dev.
         Starting udev Kernel Device Manager...
[[0;32m  OK  [0m] Started Apply Kernel Variables.
[[0;32m  OK  [0m] Started Flush Journal to Persistent Storage.
[[0;32m  OK  [0m] Started udev Coldplug all Devices.
[[0;32m  OK  [0m] Started udev Kernel Device Manager.
[[0;32m  OK  [0m] Started Dispatch Password Requests to Console Directory Watch.
[[0;32m  OK  [0m] Started Monitoring of LVM2 mirrors,...ng dmeventd or progress polling.
[[0;32m  OK  [0m] Reached target Local File Systems (Pre).
[[0;32m  OK  [0m] Reached target Local File Systems.
         Starting Create Volatile Files and Directories...
         Starting Initial cloud-init job (pre-networking)...
         Starting Tell Plymouth To Write Out Runtime Data...
         Starting Set console font and keymap...
         Starting LSB: AppArmor initialization...
[[0;32m  OK  [0m] Started Create Volatile Files and Directories.
[[0;32m  OK  [0m] Started Tell Plymouth To Write Out Runtime Data.
         Starting Update UTMP about System Boot/Shutdown...
[[0;32m  OK  [0m] Started Update UTMP about System Boot/Shutdown.
[[0;32m  OK  [0m] Found device /dev/ttyS0.
[[0;32m  OK  [0m] Started LSB: AppArmor initialization.
[[0;32m  OK  [0m] Listening on Load/Save RF Kill Switch Status /dev/rfkill Watch.
         Starting Load AppArmor profiles managed internally by snapd...
[[0;32m  OK  [0m] Started Load AppArmor profiles managed internally by snapd.
[[0;32m  OK  [0m] Found device 82540EM Gigabit Ethern...r (PRO/1000 MT Desktop Adapter).
[[0;32m  OK  [0m] Found device 82540EM Gigabit Ethern...r (PRO/1000 MT Desktop Adapter).
[[0;32m  OK  [0m] Started Set console font and keymap.
[[0;32m  OK  [0m] Started Initial cloud-init job (pre-networking).
[[0;32m  OK  [0m] Reached target Network (Pre).
[   10.300871] cloud-init[485]: Cloud-init v. 21.1-19-gbad84ad4-0ubuntu1~16.04.2 running 'init-local' at Thu, 21 Apr 2022 08:11:13 +0000. Up 9.80 seconds.
[[0;32m  OK  [0m] Started ifup for enp0s8.
         Starting Raise network interfaces...
[[0;32m  OK  [0m] Started ifup for enp0s3.
[[0;32m  OK  [0m] Created slice system-getty.slice.
[[0;32m  OK  [0m] Started Raise network interfaces.
[[0;32m  OK  [0m] Reached target Network.
         Starting Initial cloud-init job (metadata service crawler)...
[   11.655418] cloud-init[1074]: Cloud-init v. 21.1-19-gbad84ad4-0ubuntu1~16.04.2 running 'init' at Thu, 21 Apr 2022 08:11:14 +0000. Up 11.17 seconds.
[   11.658968] cloud-init[1074]: ci-info: ++++++++++++++++++++++++++++++++++++++Net device info+++++++++++++++++++++++++++++++++++++++
[   11.662617] cloud-init[1074]: ci-info: +--------+------+-----------------------------+---------------+--------+-------------------+
[   11.665423] cloud-init[1074]: ci-info: | Device |  Up  |           Address           |      Mask     | Scope  |     Hw-Address    |
[   11.668568] cloud-init[1074]: ci-info: +--------+------+-----------------------------+---------------+--------+-------------------+
[   11.680741] cloud-init[1074]: ci-info: | enp0s3 | True |          10.0.2.15          | 255.255.255.0 | global | 02:be:82:6b:cc:1d |
[   11.683106] cloud-init[1074]: ci-info: | enp0s3 | True |  fe80::be:82ff:fe6b:cc1d/64 |       .       |  link  | 02:be:82:6b:cc:1d |
[   11.686895] cloud-init[1074]: ci-info: | enp0s8 | True |        192.168.56.10        | 255.255.255.0 | global | 08:00:27:82:d8:36 |
[   11.690859] cloud-init[1074]: ci-info: | enp0s8 | True | fe80::a00:27ff:fe82:d836/64 |       .       |  link  | 08:00:27:82:d8:36 |
[   11.693892] cloud-init[1074]: ci-info: |   lo   | True |          127.0.0.1          |   255.0.0.0   |  host  |         .         |
[   11.696822] cloud-init[1074]: ci-info: |   lo   | True |           ::1/128           |       .       |  host  |         .         |
[   11.701439] cloud-init[1074]: ci-info: +--------+------+-----------------------------+---------------+--------+-------------------+
[   11.704485] cloud-init[1074]: ci-info: ++++++++++++++++++++++++++++Route IPv4 info++++++++++++++++++++++++++++
[   11.707332] cloud-init[1074]: ci-info: +-------+--------------+----------+---------------+-----------+-------+
[   11.710633] cloud-init[1074]: ci-info: | Route | Destination  | Gateway  |    Genmask    | Interface | Flags |
[   11.712946] cloud-init[1074]: ci-info: +-------+--------------+----------+---------------+-----------+-------+
[   11.715838] cloud-init[1074]: ci-info: |   0   |   0.0.0.0    | 10.0.2.2 |    0.0.0.0    |   enp0s3  |   UG  |
[   11.724927] cloud-init[1074]: ci-info: |   1   |   10.0.2.0   | 0.0.0.0  | 255.255.255.0 |   enp0s3  |   U   |
[   11.727600] cloud-init[1074]: ci-info: |   2   | 192.168.56.0 | 0.0.0.0  | 255.255.255.0 |   enp0s8  |   U   |
[   11.736935] cloud-init[1074]: ci-info: +-------+--------------+----------+---------------+-----------+-------+
[   11.739145] cloud-init[1074]: ci-info: +++++++++++++++++++Route IPv6 info+++++++++++++++++++
[   11.742011] cloud-init[1074]: ci-info: +-------+-------------+---------+-----------+-------+
[   11.748893] cloud-init[1074]: ci-info: | Route | Destination | Gateway | Interface | Flags |
[   11.751334] cloud-init[1074]: ci-info: +-------+-------------+---------+-----------+-------+
[   11.761020] cloud-init[1074]: ci-info: |   0   |  fe80::/64  |    ::   |   enp0s8  |   U   |
[   11.768924] cloud-init[1074]: ci-info: |   1   |  fe80::/64  |    ::   |   enp0s3  |   U   |
[   11.772414] cloud-init[1074]: ci-info: |   4   |   ff00::/8  |    ::   |   enp0s8  |   U   |
[   11.772875] cloud-init[1074]: ci-info: |   5   |   ff00::/8  |    ::   |   enp0s3  |   U   |
[[0;32m  OK  [0m] Started Initial cloud-init job (metadata service crawler).
[   11.773138] cloud-init[1074]: ci-info: +-------+-------------+---------+-----------+-------+
[[0;32m  OK  [0m] Reached target Cloud-config availability.
[[0;32m  OK  [0m] Reached target System Initialization.
[[0;32m  OK  [0m] Started ACPI Events Check.
[[0;32m  OK  [0m] Started Trigger to poll for Ubuntu ...nly enabled on GCP LTS non-pro).
[[0;32m  OK  [0m] Reached target Paths.
[[0;32m  OK  [0m] Started Message of the Day.
[[0;32m  OK  [0m] Started Daily Cleanup of Temporary Directories.
[[0;32m  OK  [0m] Started Daily apt download activities.
[[0;32m  OK  [0m] Started Daily apt upgrade and clean activities.
         Starting Socket activation for snappy daemon.
[[0;32m  OK  [0m] Listening on ACPID Listen Socket.
[[0;32m  OK  [0m] Listening on D-Bus System Message Bus Socket.
[[0;32m  OK  [0m] Listening on UUID daemon activation socket.
[[0;32m  OK  [0m] Started Ubuntu Advantage Timer for running repeated jobs.
         Starting LXD - unix socket.
[[0;32m  OK  [0m] Reached target Timers.
[[0;32m  OK  [0m] Reached target Network is Online.
         Starting iSCSI initiator daemon (iscsid)...
[[0;32m  OK  [0m] Listening on Socket activation for snappy daemon.
[[0;32m  OK  [0m] Listening on LXD - unix socket.
[[0;32m  OK  [0m] Reached target Sockets.
[[0;32m  OK  [0m] Reached target Basic System.
[[0;32m  OK  [0m] Started Regular background program processing daemon.
[[0;32m  OK  [0m] Started D-Bus System Message Bus.
         Starting LSB: MD monitoring daemon...
         Starting LSB: Record successful boot for GRUB...
         Starting /etc/rc.local Compatibility...
         Starting Virtualbox guest utils...
[[0;32m  OK  [0m] Started Deferred execution scheduler.
         Starting Login Service...
         Starting Accounts Service...
         Starting A high performance web server and a reverse proxy server...
         Starting System Logging Service...
[[0;32m  OK  [0m] Started ACPI event daemon.
         Starting LXD - container startup/shutdown...
         Starting OpenBSD Secure Shell server...
[[0;32m  OK  [0m] Started FUSE filesystem for LXC.
         Starting Snap Daemon...
[[0;32m  OK  [0m] Started System Logging Service.
[[0;32m  OK  [0m] Started /etc/rc.local Compatibility.
[[0;32m  OK  [0m] Started iSCSI initiator daemon (iscsid).
[[0;32m  OK  [0m] Started Login Service.
[[0;32m  OK  [0m] Started Unattended Upgrades Shutdown.
         Starting Login to default iSCSI targets...
[[0;32m  OK  [0m] Started LSB: MD monitoring daemon.
[[0;32m  OK  [0m] Started LSB: Record successful boot for GRUB.
         Starting Authenticate and Authorize Users to Run Privileged Tasks...
[[0;32m  OK  [0m] Started Login to default iSCSI targets.
[[0;32m  OK  [0m] Started OpenBSD Secure Shell server.
[[0;32m  OK  [0m] Started Authenticate and Authorize Users to Run Privileged Tasks.
[[0;32m  OK  [0m] Started Accounts Service.
[[0;32m  OK  [0m] Reached target Remote File Systems (Pre).
         Mounting /vagrant...
[[0;1;31mFAILED[0m] Failed to mount /vagrant.
See 'systemctl status vagrant.mount' for details.
[[0;1;33mDEPEND[0m] Dependency failed for Remote File Systems.
         Starting Permit User Sessions...
         Starting LSB: daemon to balance interrupts for SMP systems...
         Starting LSB: Set the CPU Frequency Scaling governor to "ondemand"...
         Starting LSB: automatic crash report generation...
[[0;32m  OK  [0m] Started Virtualbox guest utils.
[[0;32m  OK  [0m] Started LXD - container startup/shutdown.
[[0;32m  OK  [0m] Started A high performance web server and a reverse proxy server.
[[0;32m  OK  [0m] Started Permit User Sessions.
         Starting Terminate Plymouth Boot Screen...
         Starting Hold until boot process finishes up...
[[0;32m  OK  [0m] Started Hold until boot process finishes up.
[[0;32m  OK  [0m] Started Getty on tty1.
[[0;32m  OK  [0m] Started Serial Getty on ttyS0.
[[0;32m  OK  [0m] Reached target Login Prompts.
         Starting Set console scheme...
[[0;32m  OK  [0m] Started LSB: daemon to balance interrupts for SMP systems.
[[0;32m  OK  [0m] Started LSB: Set the CPU Frequency Scaling governor to "ondemand".
[[0;32m  OK  [0m] Started Terminate Plymouth Boot Screen.
[[0;32m  OK  [0m] Started Set console scheme.
[[0;32m  OK  [0m] Started LSB: automatic crash report generation.
[[0;32m  OK  [0m] Started Snap Daemon.
         Starting Wait until snapd is fully seeded...
[[0;32m  OK  [0m] Created slice User Slice of vagrant.
         Starting User Manager for UID 1000...
[[0;32m  OK  [0m] Started Wait until snapd is fully seeded.
[[0;32m  OK  [0m] Started Session 1 of user vagrant.
         Starting Apply the settings specified in cloud-config...
[[0;32m  OK  [0m] Reached target Multi-User System.
[[0;32m  OK  [0m] Reached target Graphical Interface.
         Starting Update UTMP about System Runlevel Changes...
[[0;32m  OK  [0m] Started User Manager for UID 1000.
[[0;32m  OK  [0m] Started Update UTMP about System Runlevel Changes.
[   13.867867] cloud-init[1365]: Cloud-init v. 21.1-19-gbad84ad4-0ubuntu1~16.04.2 running 'modules:config' at Thu, 21 Apr 2022 08:11:17 +0000. Up 13.70 seconds.
[[0;32m  OK  [0m] Started Apply the settings specified in cloud-config.
         Starting Execute cloud user/final scripts...
[   14.792203] cloud-init[1441]: Cloud-init v. 21.1-19-gbad84ad4-0ubuntu1~16.04.2 running 'modules:final' at Thu, 21 Apr 2022 08:11:17 +0000. Up 14.55 seconds.
[   14.797039] cloud-init[1441]: Cloud-init v. 21.1-19-gbad84ad4-0ubuntu1~16.04.2 finished at Thu, 21 Apr 2022 08:11:18 +0000. Datasource DataSourceNoCloud [seed=/dev/sdb][dsmode=net].  Up 14.78 seconds
[[0;32m  OK  [0m] Started Execute cloud user/final scripts.
[[0;32m  OK  [0m] Reached target Cloud-init target.

Ubuntu 16.04.7 LTS ubuntu-xenial ttyS0

ubuntu-xenial login: 